Successfully destroyed PooledConnection: com.mchange.v2.c3p0.impl.NewPooledConnection@43315b00
Successfully destroyed resource: com.mchange.v2.c3p0.impl.NewPooledConnection@43315b00
Preparing to destroy resource: com.mchange.v2.c3p0.impl.NewPooledConnection@3444a2a6
Preparing to destroy PooledConnection: com.mchange.v2.c3p0.impl.NewPooledConnection@3444a2a6
com.mchange.v2.c3p0.impl.NewPooledConnection@3444a2a6 closed by a client.
java.lang.Exception: DEBUG -- CLOSE BY CLIENT STACK TRACE
	at com.mchange.v2.c3p0.impl.NewPooledConnection.close(NewPooledConnection.java:566)
	at com.mchange.v2.c3p0.impl.NewPooledConnection.close(NewPooledConnection.java:234)
	at com.mchange.v2.c3p0.impl.C3P0PooledConnectionPool$1PooledConnectionResourcePoolManager.destroyResource(C3P0PooledConnectionPool.java:470)
	at com.mchange.v2.resourcepool.BasicResourcePool$1DestroyResourceTask.run(BasicResourcePool.java:964)
	at com.mchange.v2.resourcepool.BasicResourcePool.destroyResource(BasicResourcePool.java:989)
	at com.mchange.v2.resourcepool.BasicResourcePool.access$100(BasicResourcePool.java:32)
	at com.mchange.v2.resourcepool.BasicResourcePool$5.run(BasicResourcePool.java:1174)
Successfully destroyed PooledConnection: com.mchange.v2.c3p0.impl.NewPooledConnection@3444a2a6
Successfully destroyed resource: com.mchange.v2.c3p0.impl.NewPooledConnection@3444a2a6
Preparing to destroy resource: com.mchange.v2.c3p0.impl.NewPooledConnection@5d4d7f76
Preparing to destroy PooledConnection: com.mchange.v2.c3p0.impl.NewPooledConnection@5d4d7f76
com.mchange.v2.c3p0.impl.NewPooledConnection@5d4d7f76 closed by a client.
java.lang.Exception: DEBUG -- CLOSE BY CLIENT STACK TRACE
	at com.mchange.v2.c3p0.impl.NewPooledConnection.close(NewPooledConnection.java:566)
	at com.mchange.v2.c3p0.impl.NewPooledConnection.close(NewPooledConnection.java:234)
	at com.mchange.v2.c3p0.impl.C3P0PooledConnectionPool$1PooledConnectionResourcePoolManager.destroyResource(C3P0PooledConnectionPool.java:470)
	at com.mchange.v2.resourcepool.BasicResourcePool$1DestroyResourceTask.run(BasicResourcePool.java:964)
	at com.mchange.v2.resourcepool.BasicResourcePool.destroyResource(BasicResourcePool.java:989)
	at com.mchange.v2.resourcepool.BasicResourcePool.access$100(BasicResourcePool.java:32)
	at com.mchange.v2.resourcepool.BasicResourcePool$5.run(BasicResourcePool.java:1174)
Successfully destroyed PooledConnection: com.mchange.v2.c3p0.impl.NewPooledConnection@5d4d7f76
Successfully destroyed resource: com.mchange.v2.c3p0.impl.NewPooledConnection@5d4d7f76
